<?xml version="1.0" encoding="UTF-8"?>
<testng-results ignored="0" total="29" passed="29" failed="0" skipped="0">
  <reporter-output>
  </reporter-output>
  <suite started-at="2023-03-24T23:19:13 CDT" name="Default suite" finished-at="2023-03-24T23:20:58 CDT" duration-ms="104922">
    <groups>
      <group name="cucumber">
        <method signature="AbstractTestNGCucumberTests.runScenario(io.cucumber.testng.PickleWrapper,io.cucumber.testng.FeatureWrapper)[pri:0, instance:runner.RunnerTest@8ad6665]" name="runScenario" class="io.cucumber.testng.AbstractTestNGCucumberTests"/>
      </group> <!-- cucumber -->
    </groups>
    <test started-at="2023-03-24T23:19:13 CDT" name="Default test" finished-at="2023-03-24T23:20:58 CDT" duration-ms="104922">
      <class name="runner.RunnerTest">
        <test-method is-config="true" signature="setUpClass(org.testng.ITestContext)[pri:0, instance:runner.RunnerTest@8ad6665]" started-at="2023-03-24T23:19:13 CDT" name="setUpClass" finished-at="2023-03-24T23:19:13 CDT" duration-ms="636" status="PASS">
          <params>
            <param index="0">
              <value>
                <![CDATA[org.testng.TestRunner@24244ea]]>
              </value>
            </param>
          </params>
          <reporter-output>
          </reporter-output>
        </test-method> <!-- setUpClass -->
        <test-method signature="runScenario(io.cucumber.testng.PickleWrapper,io.cucumber.testng.FeatureWrapper)[pri:0, instance:runner.RunnerTest@8ad6665]" started-at="2023-03-24T23:19:13 CDT" name="runScenario" description="Runs Cucumber Scenarios" data-provider="scenarios" finished-at="2023-03-24T23:19:19 CDT" duration-ms="5920" status="PASS">
          <params>
            <param index="0">
              <value>
                <![CDATA["User launch home page of an dsalgo project"]]>
              </value>
            </param>
            <param index="1">
              <value>
                <![CDATA["Title of your feature"]]>
              </value>
            </param>
          </params>
          <reporter-output>
          </reporter-output>
        </test-method> <!-- runScenario -->
        <test-method signature="runScenario(io.cucumber.testng.PickleWrapper,io.cucumber.testng.FeatureWrapper)[pri:0, instance:runner.RunnerTest@8ad6665]" started-at="2023-03-24T23:19:19 CDT" name="runScenario" description="Runs Cucumber Scenarios" data-provider="scenarios" finished-at="2023-03-24T23:19:22 CDT" duration-ms="2878" status="PASS">
          <params>
            <param index="0">
              <value>
                <![CDATA["User is on Home page and click getstarted link on home page without sign in"]]>
              </value>
            </param>
            <param index="1">
              <value>
                <![CDATA["Title of your feature"]]>
              </value>
            </param>
          </params>
          <reporter-output>
          </reporter-output>
        </test-method> <!-- runScenario -->
        <test-method signature="runScenario(io.cucumber.testng.PickleWrapper,io.cucumber.testng.FeatureWrapper)[pri:0, instance:runner.RunnerTest@8ad6665]" started-at="2023-03-24T23:19:22 CDT" name="runScenario" description="Runs Cucumber Scenarios" data-provider="scenarios" finished-at="2023-03-24T23:19:28 CDT" duration-ms="5545" status="PASS">
          <params>
            <param index="0">
              <value>
                <![CDATA["User is on Home page and click on dropdown without sign in"]]>
              </value>
            </param>
            <param index="1">
              <value>
                <![CDATA["Title of your feature"]]>
              </value>
            </param>
          </params>
          <reporter-output>
          </reporter-output>
        </test-method> <!-- runScenario -->
        <test-method signature="runScenario(io.cucumber.testng.PickleWrapper,io.cucumber.testng.FeatureWrapper)[pri:0, instance:runner.RunnerTest@8ad6665]" started-at="2023-03-24T23:19:28 CDT" name="runScenario" description="Runs Cucumber Scenarios" data-provider="scenarios" finished-at="2023-03-24T23:19:29 CDT" duration-ms="733" status="PASS">
          <params>
            <param index="0">
              <value>
                <![CDATA["User is on Home page and click on Register"]]>
              </value>
            </param>
            <param index="1">
              <value>
                <![CDATA["Title of your feature"]]>
              </value>
            </param>
          </params>
          <reporter-output>
          </reporter-output>
        </test-method> <!-- runScenario -->
        <test-method signature="runScenario(io.cucumber.testng.PickleWrapper,io.cucumber.testng.FeatureWrapper)[pri:0, instance:runner.RunnerTest@8ad6665]" started-at="2023-03-24T23:19:29 CDT" name="runScenario" description="Runs Cucumber Scenarios" data-provider="scenarios" finished-at="2023-03-24T23:19:29 CDT" duration-ms="660" status="PASS">
          <params>
            <param index="0">
              <value>
                <![CDATA["User is on Home page and click on sign in"]]>
              </value>
            </param>
            <param index="1">
              <value>
                <![CDATA["Title of your feature"]]>
              </value>
            </param>
          </params>
          <reporter-output>
          </reporter-output>
        </test-method> <!-- runScenario -->
        <test-method signature="runScenario(io.cucumber.testng.PickleWrapper,io.cucumber.testng.FeatureWrapper)[pri:0, instance:runner.RunnerTest@8ad6665]" started-at="2023-03-24T23:19:29 CDT" name="runScenario" description="Runs Cucumber Scenarios" data-provider="scenarios" finished-at="2023-03-24T23:19:32 CDT" duration-ms="3141" status="PASS">
          <params>
            <param index="0">
              <value>
                <![CDATA["check login functionality"]]>
              </value>
            </param>
            <param index="1">
              <value>
                <![CDATA["Title of your feature"]]>
              </value>
            </param>
          </params>
          <reporter-output>
          </reporter-output>
        </test-method> <!-- runScenario -->
        <test-method signature="runScenario(io.cucumber.testng.PickleWrapper,io.cucumber.testng.FeatureWrapper)[pri:0, instance:runner.RunnerTest@8ad6665]" started-at="2023-03-24T23:19:32 CDT" name="runScenario" description="Runs Cucumber Scenarios" data-provider="scenarios" finished-at="2023-03-24T23:19:33 CDT" duration-ms="509" status="PASS">
          <params>
            <param index="0">
              <value>
                <![CDATA["The user is able to navigate to time complexity page"]]>
              </value>
            </param>
            <param index="1">
              <value>
                <![CDATA["graph"]]>
              </value>
            </param>
          </params>
          <reporter-output>
          </reporter-output>
        </test-method> <!-- runScenario -->
        <test-method signature="runScenario(io.cucumber.testng.PickleWrapper,io.cucumber.testng.FeatureWrapper)[pri:0, instance:runner.RunnerTest@8ad6665]" started-at="2023-03-24T23:19:33 CDT" name="runScenario" description="Runs Cucumber Scenarios" data-provider="scenarios" finished-at="2023-03-24T23:19:34 CDT" duration-ms="1327" status="PASS">
          <params>
            <param index="0">
              <value>
                <![CDATA["The user should be directed to editor page with run button to test python code"]]>
              </value>
            </param>
            <param index="1">
              <value>
                <![CDATA["graph"]]>
              </value>
            </param>
          </params>
          <reporter-output>
          </reporter-output>
        </test-method> <!-- runScenario -->
        <test-method signature="runScenario(io.cucumber.testng.PickleWrapper,io.cucumber.testng.FeatureWrapper)[pri:0, instance:runner.RunnerTest@8ad6665]" started-at="2023-03-24T23:19:34 CDT" name="runScenario" description="Runs Cucumber Scenarios" data-provider="scenarios" finished-at="2023-03-24T23:19:45 CDT" duration-ms="10922" status="PASS">
          <params>
            <param index="0">
              <value>
                <![CDATA["The user is able to run code in Editor for time complexity page"]]>
              </value>
            </param>
            <param index="1">
              <value>
                <![CDATA["graph"]]>
              </value>
            </param>
          </params>
          <reporter-output>
          </reporter-output>
        </test-method> <!-- runScenario -->
        <test-method signature="runScenario(io.cucumber.testng.PickleWrapper,io.cucumber.testng.FeatureWrapper)[pri:0, instance:runner.RunnerTest@8ad6665]" started-at="2023-03-24T23:19:45 CDT" name="runScenario" description="Runs Cucumber Scenarios" data-provider="scenarios" finished-at="2023-03-24T23:19:51 CDT" duration-ms="5944" status="PASS">
          <params>
            <param index="0">
              <value>
                <![CDATA["The user is presented with error message for invalid code in Editor for time complexity page"]]>
              </value>
            </param>
            <param index="1">
              <value>
                <![CDATA["graph"]]>
              </value>
            </param>
          </params>
          <reporter-output>
          </reporter-output>
        </test-method> <!-- runScenario -->
        <test-method signature="runScenario(io.cucumber.testng.PickleWrapper,io.cucumber.testng.FeatureWrapper)[pri:0, instance:runner.RunnerTest@8ad6665]" started-at="2023-03-24T23:19:51 CDT" name="runScenario" description="Runs Cucumber Scenarios" data-provider="scenarios" finished-at="2023-03-24T23:19:52 CDT" duration-ms="639" status="PASS">
          <params>
            <param index="0">
              <value>
                <![CDATA["The user is able to navigate to practice questions page"]]>
              </value>
            </param>
            <param index="1">
              <value>
                <![CDATA["graph"]]>
              </value>
            </param>
          </params>
          <reporter-output>
          </reporter-output>
        </test-method> <!-- runScenario -->
        <test-method signature="runScenario(io.cucumber.testng.PickleWrapper,io.cucumber.testng.FeatureWrapper)[pri:0, instance:runner.RunnerTest@8ad6665]" started-at="2023-03-24T23:19:52 CDT" name="runScenario" description="Runs Cucumber Scenarios" data-provider="scenarios" finished-at="2023-03-24T23:19:52 CDT" duration-ms="503" status="PASS">
          <params>
            <param index="0">
              <value>
                <![CDATA["The user is able to navigate to overview of trees page"]]>
              </value>
            </param>
            <param index="1">
              <value>
                <![CDATA["graph"]]>
              </value>
            </param>
          </params>
          <reporter-output>
          </reporter-output>
        </test-method> <!-- runScenario -->
        <test-method signature="runScenario(io.cucumber.testng.PickleWrapper,io.cucumber.testng.FeatureWrapper)[pri:0, instance:runner.RunnerTest@8ad6665]" started-at="2023-03-24T23:19:52 CDT" name="runScenario" description="Runs Cucumber Scenarios" data-provider="scenarios" finished-at="2023-03-24T23:19:53 CDT" duration-ms="916" status="PASS">
          <params>
            <param index="0">
              <value>
                <![CDATA["The user should be directed to editor page with run button to test python code"]]>
              </value>
            </param>
            <param index="1">
              <value>
                <![CDATA["graph"]]>
              </value>
            </param>
          </params>
          <reporter-output>
          </reporter-output>
        </test-method> <!-- runScenario -->
        <test-method signature="runScenario(io.cucumber.testng.PickleWrapper,io.cucumber.testng.FeatureWrapper)[pri:0, instance:runner.RunnerTest@8ad6665]" started-at="2023-03-24T23:19:53 CDT" name="runScenario" description="Runs Cucumber Scenarios" data-provider="scenarios" finished-at="2023-03-24T23:20:02 CDT" duration-ms="9285" status="PASS">
          <params>
            <param index="0">
              <value>
                <![CDATA["The user is able to run code in Editor for overview of trees page"]]>
              </value>
            </param>
            <param index="1">
              <value>
                <![CDATA["graph"]]>
              </value>
            </param>
          </params>
          <reporter-output>
          </reporter-output>
        </test-method> <!-- runScenario -->
        <test-method signature="runScenario(io.cucumber.testng.PickleWrapper,io.cucumber.testng.FeatureWrapper)[pri:0, instance:runner.RunnerTest@8ad6665]" started-at="2023-03-24T23:20:02 CDT" name="runScenario" description="Runs Cucumber Scenarios" data-provider="scenarios" finished-at="2023-03-24T23:20:08 CDT" duration-ms="5928" status="PASS">
          <params>
            <param index="0">
              <value>
                <![CDATA["The user is presented with error message for invalid code in Editor for overview of trees page"]]>
              </value>
            </param>
            <param index="1">
              <value>
                <![CDATA["graph"]]>
              </value>
            </param>
          </params>
          <reporter-output>
          </reporter-output>
        </test-method> <!-- runScenario -->
        <test-method signature="runScenario(io.cucumber.testng.PickleWrapper,io.cucumber.testng.FeatureWrapper)[pri:0, instance:runner.RunnerTest@8ad6665]" started-at="2023-03-24T23:20:08 CDT" name="runScenario" description="Runs Cucumber Scenarios" data-provider="scenarios" finished-at="2023-03-24T23:20:09 CDT" duration-ms="550" status="PASS">
          <params>
            <param index="0">
              <value>
                <![CDATA["The user is able to navigate to terminologies page"]]>
              </value>
            </param>
            <param index="1">
              <value>
                <![CDATA["graph"]]>
              </value>
            </param>
          </params>
          <reporter-output>
          </reporter-output>
        </test-method> <!-- runScenario -->
        <test-method signature="runScenario(io.cucumber.testng.PickleWrapper,io.cucumber.testng.FeatureWrapper)[pri:0, instance:runner.RunnerTest@8ad6665]" started-at="2023-03-24T23:20:09 CDT" name="runScenario" description="Runs Cucumber Scenarios" data-provider="scenarios" finished-at="2023-03-24T23:20:10 CDT" duration-ms="828" status="PASS">
          <params>
            <param index="0">
              <value>
                <![CDATA["The user should be directed to editor page with run button to test python code"]]>
              </value>
            </param>
            <param index="1">
              <value>
                <![CDATA["graph"]]>
              </value>
            </param>
          </params>
          <reporter-output>
          </reporter-output>
        </test-method> <!-- runScenario -->
        <test-method signature="runScenario(io.cucumber.testng.PickleWrapper,io.cucumber.testng.FeatureWrapper)[pri:0, instance:runner.RunnerTest@8ad6665]" started-at="2023-03-24T23:20:10 CDT" name="runScenario" description="Runs Cucumber Scenarios" data-provider="scenarios" finished-at="2023-03-24T23:20:19 CDT" duration-ms="8750" status="PASS">
          <params>
            <param index="0">
              <value>
                <![CDATA["The user is able to run code in Editor for terminologies page"]]>
              </value>
            </param>
            <param index="1">
              <value>
                <![CDATA["graph"]]>
              </value>
            </param>
          </params>
          <reporter-output>
          </reporter-output>
        </test-method> <!-- runScenario -->
        <test-method signature="runScenario(io.cucumber.testng.PickleWrapper,io.cucumber.testng.FeatureWrapper)[pri:0, instance:runner.RunnerTest@8ad6665]" started-at="2023-03-24T23:20:19 CDT" name="runScenario" description="Runs Cucumber Scenarios" data-provider="scenarios" finished-at="2023-03-24T23:20:24 CDT" duration-ms="5823" status="PASS">
          <params>
            <param index="0">
              <value>
                <![CDATA["The user is presented with error message for invalid code in Editor for terminologies page"]]>
              </value>
            </param>
            <param index="1">
              <value>
                <![CDATA["graph"]]>
              </value>
            </param>
          </params>
          <reporter-output>
          </reporter-output>
        </test-method> <!-- runScenario -->
        <test-method signature="runScenario(io.cucumber.testng.PickleWrapper,io.cucumber.testng.FeatureWrapper)[pri:0, instance:runner.RunnerTest@8ad6665]" started-at="2023-03-24T23:20:24 CDT" name="runScenario" description="Runs Cucumber Scenarios" data-provider="scenarios" finished-at="2023-03-24T23:20:25 CDT" duration-ms="741" status="PASS">
          <params>
            <param index="0">
              <value>
                <![CDATA["The user is able to navigate to practice questions page"]]>
              </value>
            </param>
            <param index="1">
              <value>
                <![CDATA["graph"]]>
              </value>
            </param>
          </params>
          <reporter-output>
          </reporter-output>
        </test-method> <!-- runScenario -->
        <test-method signature="runScenario(io.cucumber.testng.PickleWrapper,io.cucumber.testng.FeatureWrapper)[pri:0, instance:runner.RunnerTest@8ad6665]" started-at="2023-03-24T23:20:25 CDT" name="runScenario" description="Runs Cucumber Scenarios" data-provider="scenarios" finished-at="2023-03-24T23:20:26 CDT" duration-ms="540" status="PASS">
          <params>
            <param index="0">
              <value>
                <![CDATA["The user is able to navigate to Graph page"]]>
              </value>
            </param>
            <param index="1">
              <value>
                <![CDATA["graph"]]>
              </value>
            </param>
          </params>
          <reporter-output>
          </reporter-output>
        </test-method> <!-- runScenario -->
        <test-method signature="runScenario(io.cucumber.testng.PickleWrapper,io.cucumber.testng.FeatureWrapper)[pri:0, instance:runner.RunnerTest@8ad6665]" started-at="2023-03-24T23:20:26 CDT" name="runScenario" description="Runs Cucumber Scenarios" data-provider="scenarios" finished-at="2023-03-24T23:20:27 CDT" duration-ms="856" status="PASS">
          <params>
            <param index="0">
              <value>
                <![CDATA["The user should be directed to editor page with run button to test python code"]]>
              </value>
            </param>
            <param index="1">
              <value>
                <![CDATA["graph"]]>
              </value>
            </param>
          </params>
          <reporter-output>
          </reporter-output>
        </test-method> <!-- runScenario -->
        <test-method signature="runScenario(io.cucumber.testng.PickleWrapper,io.cucumber.testng.FeatureWrapper)[pri:0, instance:runner.RunnerTest@8ad6665]" started-at="2023-03-24T23:20:27 CDT" name="runScenario" description="Runs Cucumber Scenarios" data-provider="scenarios" finished-at="2023-03-24T23:20:35 CDT" duration-ms="8506" status="PASS">
          <params>
            <param index="0">
              <value>
                <![CDATA["The user is able to run code in Editor for Graph page"]]>
              </value>
            </param>
            <param index="1">
              <value>
                <![CDATA["graph"]]>
              </value>
            </param>
          </params>
          <reporter-output>
          </reporter-output>
        </test-method> <!-- runScenario -->
        <test-method signature="runScenario(io.cucumber.testng.PickleWrapper,io.cucumber.testng.FeatureWrapper)[pri:0, instance:runner.RunnerTest@8ad6665]" started-at="2023-03-24T23:20:35 CDT" name="runScenario" description="Runs Cucumber Scenarios" data-provider="scenarios" finished-at="2023-03-24T23:20:41 CDT" duration-ms="5666" status="PASS">
          <params>
            <param index="0">
              <value>
                <![CDATA["The user is presented with error message for invalid code in Editor for Graph page"]]>
              </value>
            </param>
            <param index="1">
              <value>
                <![CDATA["graph"]]>
              </value>
            </param>
          </params>
          <reporter-output>
          </reporter-output>
        </test-method> <!-- runScenario -->
        <test-method signature="runScenario(io.cucumber.testng.PickleWrapper,io.cucumber.testng.FeatureWrapper)[pri:0, instance:runner.RunnerTest@8ad6665]" started-at="2023-03-24T23:20:41 CDT" name="runScenario" description="Runs Cucumber Scenarios" data-provider="scenarios" finished-at="2023-03-24T23:20:41 CDT" duration-ms="567" status="PASS">
          <params>
            <param index="0">
              <value>
                <![CDATA["The user is able to navigate to graph page and click on Graph Representations link"]]>
              </value>
            </param>
            <param index="1">
              <value>
                <![CDATA["graph"]]>
              </value>
            </param>
          </params>
          <reporter-output>
          </reporter-output>
        </test-method> <!-- runScenario -->
        <test-method signature="runScenario(io.cucumber.testng.PickleWrapper,io.cucumber.testng.FeatureWrapper)[pri:0, instance:runner.RunnerTest@8ad6665]" started-at="2023-03-24T23:20:41 CDT" name="runScenario" description="Runs Cucumber Scenarios" data-provider="scenarios" finished-at="2023-03-24T23:20:42 CDT" duration-ms="897" status="PASS">
          <params>
            <param index="0">
              <value>
                <![CDATA["The user should be directed to editor page with run button to test python code from Graph Representations page"]]>
              </value>
            </param>
            <param index="1">
              <value>
                <![CDATA["graph"]]>
              </value>
            </param>
          </params>
          <reporter-output>
          </reporter-output>
        </test-method> <!-- runScenario -->
        <test-method signature="runScenario(io.cucumber.testng.PickleWrapper,io.cucumber.testng.FeatureWrapper)[pri:0, instance:runner.RunnerTest@8ad6665]" started-at="2023-03-24T23:20:42 CDT" name="runScenario" description="Runs Cucumber Scenarios" data-provider="scenarios" finished-at="2023-03-24T23:20:51 CDT" duration-ms="8472" status="PASS">
          <params>
            <param index="0">
              <value>
                <![CDATA["The user is able to run code in Editor for Graph Representations page"]]>
              </value>
            </param>
            <param index="1">
              <value>
                <![CDATA["graph"]]>
              </value>
            </param>
          </params>
          <reporter-output>
          </reporter-output>
        </test-method> <!-- runScenario -->
        <test-method signature="runScenario(io.cucumber.testng.PickleWrapper,io.cucumber.testng.FeatureWrapper)[pri:0, instance:runner.RunnerTest@8ad6665]" started-at="2023-03-24T23:20:51 CDT" name="runScenario" description="Runs Cucumber Scenarios" data-provider="scenarios" finished-at="2023-03-24T23:20:56 CDT" duration-ms="5792" status="PASS">
          <params>
            <param index="0">
              <value>
                <![CDATA["The user is presented with error message for invalid code in Editor for Graph Representations page"]]>
              </value>
            </param>
            <param index="1">
              <value>
                <![CDATA["graph"]]>
              </value>
            </param>
          </params>
          <reporter-output>
          </reporter-output>
        </test-method> <!-- runScenario -->
        <test-method signature="runScenario(io.cucumber.testng.PickleWrapper,io.cucumber.testng.FeatureWrapper)[pri:0, instance:runner.RunnerTest@8ad6665]" started-at="2023-03-24T23:20:56 CDT" name="runScenario" description="Runs Cucumber Scenarios" data-provider="scenarios" finished-at="2023-03-24T23:20:57 CDT" duration-ms="684" status="PASS">
          <params>
            <param index="0">
              <value>
                <![CDATA["The user is able to navigate to graph representations page and click on Practice Questions"]]>
              </value>
            </param>
            <param index="1">
              <value>
                <![CDATA["graph"]]>
              </value>
            </param>
          </params>
          <reporter-output>
          </reporter-output>
        </test-method> <!-- runScenario -->
        <test-method is-config="true" signature="tearDownClass()[pri:0, instance:runner.RunnerTest@8ad6665]" started-at="2023-03-24T23:20:57 CDT" name="tearDownClass" finished-at="2023-03-24T23:20:58 CDT" duration-ms="388" status="PASS">
          <reporter-output>
          </reporter-output>
        </test-method> <!-- tearDownClass -->
      </class> <!-- runner.RunnerTest -->
    </test> <!-- Default test -->
  </suite> <!-- Default suite -->
</testng-results>
